#
# A fatal error has been detected by the Java Runtime Environment:
#
#  EXCEPTION_ACCESS_VIOLATION (0xc0000005) at pc=0x00007ff858eec33d, pid=16012, tid=7436
#
# JRE version: Java(TM) SE Runtime Environment 18.9 (11.0.13+10) (build 11.0.13+10-LTS-370)
# Java VM: Java HotSpot(TM) 64-Bit Server VM 18.9 (11.0.13+10-LTS-370, mixed mode, tiered, compressed oops, g1 gc, windows-amd64)
# Problematic frame:
# V  [jvm.dll+0x23c33d]
#
# No core dump will be written. Minidumps are not enabled by default on client versions of Windows
#
# If you would like to submit a bug report, please visit:
#   https://bugreport.java.com/bugreport/crash.jsp
#

---------------  S U M M A R Y ------------

Command Line: -agentlib:jdwp=transport=dt_socket,suspend=y,address=localhost:51179 -javaagent:C:\Users\Alumno\eclipse\java-2022-03\eclipse\configuration\org.eclipse.osgi\225\0\.cp\lib\javaagent-shaded.jar -Dfile.encoding=Cp1252 actividad22.actividad22

Host: Intel(R) Core(TM) i5-7400 CPU @ 3.00GHz, 4 cores, 7G,  Windows 10 , 64 bit Build 19041 (10.0.19041.3636)
Time: Thu Apr 25 08:52:58 2024 Hora estándar de Argentina elapsed time: 429.332392 seconds (0d 0h 7m 9s)

---------------  T H R E A D  ---------------

Current thread (0x00000211fed82000):  VMThread "VM Thread" [stack: 0x000000dce1a00000,0x000000dce1b00000] [id=7436]

Stack: [0x000000dce1a00000,0x000000dce1b00000],  sp=0x000000dce1afef20,  free space=1019k
Native frames: (J=compiled Java code, j=interpreted, Vv=VM code, C=native code)
V  [jvm.dll+0x23c33d]
V  [jvm.dll+0x23bdeb]
V  [jvm.dll+0x4f26e0]
V  [jvm.dll+0x1c714b]
V  [jvm.dll+0x4f50ef]
V  [jvm.dll+0x4f2a6b]
V  [jvm.dll+0x76a07c]
V  [jvm.dll+0x7683f7]
V  [jvm.dll+0x768c30]
V  [jvm.dll+0x768f47]
V  [jvm.dll+0x720a54]
V  [jvm.dll+0x627606]
C  [ucrtbase.dll+0x21bb2]
C  [KERNEL32.DLL+0x17344]
C  [ntdll.dll+0x526b1]


siginfo: EXCEPTION_ACCESS_VIOLATION (0xc0000005), reading address 0xffffffffffffffff


Register to memory mapping:

RIP=0x00007ff858eec33d jvm.dll
RAX=0x0015000000000000 is an unknown value
RBX=0x00000211ff5b7818 is pointing into metadata
RCX=0x0015000000000000 is an unknown value
RDX=0x00000001000cab30 is a pointer to class: 
actividad22.actividad22 {0x00000001000cab38}
RSP=0x000000dce1afef20 points into unknown readable memory: 0x00000211fecb6630 | 30 66 cb fe 11 02 00 00
RBP=0x0 is NULL
RSI=0x00000001000cab30 is a pointer to class: 
actividad22.actividad22 {0x00000001000cab38}
RDI=0x00000001000cab30 is a pointer to class: 
actividad22.actividad22 {0x00000001000cab38}
R8 =0x000000dce1aff068 points into unknown readable memory: 0x0000000000000000 | 00 00 00 00 00 00 00 00
R9 =0x0000000000000002 is an unknown value
R10=0x00000211fed7d8a0 points into unknown readable memory: 0x0000001e00000001 | 01 00 00 00 1e 00 00 00
R11=0x00000211ff5b7548 is pointing into metadata
R12=0x00000001000cab30 is a pointer to class: 
actividad22.actividad22 {0x00000001000cab38}
R13=0x0 is NULL
R14=0x000000dce1aff068 points into unknown readable memory: 0x0000000000000000 | 00 00 00 00 00 00 00 00
R15=0x00000211ff5b77f8 is pointing into metadata


Registers:
RAX=0x0015000000000000, RBX=0x00000211ff5b7818, RCX=0x0015000000000000, RDX=0x00000001000cab30
RSP=0x000000dce1afef20, RBP=0x0000000000000000, RSI=0x00000001000cab30, RDI=0x00000001000cab30
R8 =0x000000dce1aff068, R9 =0x0000000000000002, R10=0x00000211fed7d8a0, R11=0x00000211ff5b7548
R12=0x00000001000cab30, R13=0x0000000000000000, R14=0x000000dce1aff068, R15=0x00000211ff5b77f8
RIP=0x00007ff858eec33d, EFLAGS=0x0000000000010206

Top of Stack: (sp=0x000000dce1afef20)
0x000000dce1afef20:   00000211fecb6630 00007ff8592aba55
0x000000dce1afef30:   00000211fecb6630 00000211ff790ae0
0x000000dce1afef40:   000000dce1aff0d8 00007ff858eebdeb
0x000000dce1afef50:   00000211ff5b7818 00007ff8592abb05
0x000000dce1afef60:   000000dce1afefc0 00007ff858fda596
0x000000dce1afef70:   000000dce1aff0d8 00000211fed82000
0x000000dce1afef80:   00000211fed82000 00000211ff829a48
0x000000dce1afef90:   000000dce1afeff9 00007ff8591a26e0
0x000000dce1afefa0:   00000001000cad38 00000001000cab30
0x000000dce1afefb0:   000000dce1aff0d8 00000211ff821a60
0x000000dce1afefc0:   00000211ff5b7548 00000211fed82000
0x000000dce1afefd0:   00000001000cc598 00000211ff5b7548
0x000000dce1afefe0:   00000211fed82000 00000211fed82000
0x000000dce1afeff0:   00000211fed60080 00000211f46e29a0
0x000000dce1aff000:   00000211f46e29e0 00000211f46e2a88
0x000000dce1aff010:   00000000000000d8 000000dce1aff110 

Instructions: (pc=0x00007ff858eec33d)
0x00007ff858eec31d:   66 48 8b 41 18 48 c1 e8 14 a8 01 74 06 48 8b 59
0x00007ff858eec32d:   10 eb 21 48 8b 41 08 48 85 c0 74 4b 48 8b 49 08
0x00007ff858eec33d:   48 8b 01 ff 50 10 84 c0 75 06 48 8b 5b 10 eb 04
0x00007ff858eec34d:   48 8b 5b 08 48 85 db 74 2e 48 8b 13 48 8b cb ff 


Stack slot to memory mapping:
stack at sp + 0 slots: 0x00000211fecb6630 points into unknown readable memory: 0x0000000000000000 | 00 00 00 00 00 00 00 00
stack at sp + 1 slots: 0x00007ff8592aba55 jvm.dll
stack at sp + 2 slots: 0x00000211fecb6630 points into unknown readable memory: 0x0000000000000000 | 00 00 00 00 00 00 00 00
stack at sp + 3 slots: 0x00000211ff790ae0 points into unknown readable memory: 0x00000211ff80c768 | 68 c7 80 ff 11 02 00 00
stack at sp + 4 slots: 0x000000dce1aff0d8 points into unknown readable memory: 0x00007ff859547840 | 40 78 54 59 f8 7f 00 00
stack at sp + 5 slots: 0x00007ff858eebdeb jvm.dll
stack at sp + 6 slots: 0x00000211ff5b7818 is pointing into metadata
stack at sp + 7 slots: 0x00007ff8592abb05 jvm.dll

VM_Operation (0x000000dce24ff5d0): RedefineClasses, mode: safepoint, requested by thread 0x00000211ff913800, redefining class actividad22.actividad22



---------------  P R O C E S S  ---------------

Threads class SMR info:
_java_thread_list=0x00000211ff8f0570, length=13, elements={
0x00000211f46ec800, 0x00000211fed84000, 0x00000211fedb0800, 0x00000211fedbf800,
0x00000211fedc1800, 0x00000211fedc3800, 0x00000211fedc6800, 0x00000211ff791800,
0x00000211ff797000, 0x00000211fed3a800, 0x00000211ff913800, 0x00000211ff9bf800,
0x00000211ff9c4800
}
_to_delete_list=0x00000211ff8f0480, length=12, elements={
0x00000211f46ec800, 0x00000211fed84000, 0x00000211fedb0800, 0x00000211fedbf800,
0x00000211fedc1800, 0x00000211fedc3800, 0x00000211fedc6800, 0x00000211ff791800,
0x00000211ff797000, 0x00000211fed3a800, 0x00000211ff913800, 0x00000211ff9bf800
}

Java Threads: ( => current thread )
  0x00000211f46ec800 JavaThread "main" [_thread_blocked, id=10076, stack(0x000000dce1400000,0x000000dce1500000)]
  0x00000211fed84000 JavaThread "Reference Handler" daemon [_thread_blocked, id=15852, stack(0x000000dce1b00000,0x000000dce1c00000)]
  0x00000211fedb0800 JavaThread "Finalizer" daemon [_thread_blocked, id=17836, stack(0x000000dce1c00000,0x000000dce1d00000)]
  0x00000211fedbf800 JavaThread "Signal Dispatcher" daemon [_thread_blocked, id=25052, stack(0x000000dce1d00000,0x000000dce1e00000)]
  0x00000211fedc1800 JavaThread "Attach Listener" daemon [_thread_blocked, id=15900, stack(0x000000dce1e00000,0x000000dce1f00000)]
  0x00000211fedc3800 JavaThread "Service Thread" daemon [_thread_blocked, id=3828, stack(0x000000dce1f00000,0x000000dce2000000)]
  0x00000211fedc6800 JavaThread "C2 CompilerThread0" daemon [_thread_blocked, id=8404, stack(0x000000dce2000000,0x000000dce2100000)]
  0x00000211ff791800 JavaThread "C1 CompilerThread0" daemon [_thread_blocked, id=26208, stack(0x000000dce2100000,0x000000dce2200000)]
  0x00000211ff797000 JavaThread "Sweeper thread" daemon [_thread_blocked, id=19140, stack(0x000000dce2200000,0x000000dce2300000)]
  0x00000211fed3a800 JavaThread "Common-Cleaner" daemon [_thread_blocked, id=20868, stack(0x000000dce2300000,0x000000dce2400000)]
  0x00000211ff913800 JavaThread "JDWP Transport Listener: dt_socket" daemon [_thread_blocked, id=25500, stack(0x000000dce2400000,0x000000dce2500000)]
  0x00000211ff9bf800 JavaThread "JDWP Event Helper Thread" daemon [_thread_blocked, id=17680, stack(0x000000dce2500000,0x000000dce2600000)]
  0x00000211ff9c4800 JavaThread "JDWP Command Reader" daemon [_thread_in_native, id=5236, stack(0x000000dce2600000,0x000000dce2700000)]

Other Threads:
=>0x00000211fed82000 VMThread "VM Thread" [stack: 0x000000dce1a00000,0x000000dce1b00000] [id=7436]
  0x0000021192fb5000 WatcherThread [stack: 0x000000dce2700000,0x000000dce2800000] [id=13972]
  0x00000211f4702800 GCTaskThread "GC Thread#0" [stack: 0x000000dce1500000,0x000000dce1600000] [id=8388]
  0x00000211f4732000 ConcurrentGCThread "G1 Main Marker" [stack: 0x000000dce1600000,0x000000dce1700000] [id=16144]
  0x00000211f4735800 ConcurrentGCThread "G1 Conc#0" [stack: 0x000000dce1700000,0x000000dce1800000] [id=9028]
  0x00000211f47c3000 ConcurrentGCThread "G1 Refine#0" [stack: 0x000000dce1800000,0x000000dce1900000] [id=12176]
  0x00000211f47c5800 ConcurrentGCThread "G1 Young RemSet Sampling" [stack: 0x000000dce1900000,0x000000dce1a00000] [id=24076]

Threads with active compile tasks:

VM state:at safepoint (normal execution)

VM Mutex/Monitor currently owned by a thread:  ([mutex/lock_event])
[0x00000211f46e8d30] Threads_lock - owner thread: 0x00000211fed82000

Heap address: 0x0000000081a00000, size: 2022 MB, Compressed Oops mode: 32-bit
Narrow klass base: 0x0000000000000000, Narrow klass shift: 3
Compressed class space size: 1073741824 Address: 0x0000000100000000

Heap:
 garbage-first heap   total 131072K, used 4096K [0x0000000081a00000, 0x0000000100000000)
  region size 1024K, 5 young (5120K), 0 survivors (0K)
 Metaspace       used 8732K, capacity 8861K, committed 9088K, reserved 1056768K
  class space    used 768K, capacity 803K, committed 896K, reserved 1048576K
Heap Regions: E=young(eden), S=young(survivor), O=old, HS=humongous(starts), HC=humongous(continues), CS=collection set, F=free, A=archive, TAMS=top-at-mark-start (previous, next)
|   0|0x0000000081a00000, 0x0000000081a00000, 0x0000000081b00000|  0%| F|  |TAMS 0x0000000081a00000, 0x0000000081a00000| Untracked 
|   1|0x0000000081b00000, 0x0000000081b00000, 0x0000000081c00000|  0%| F|  |TAMS 0x0000000081b00000, 0x0000000081b00000| Untracked 
|   2|0x0000000081c00000, 0x0000000081c00000, 0x0000000081d00000|  0%| F|  |TAMS 0x0000000081c00000, 0x0000000081c00000| Untracked 
|   3|0x0000000081d00000, 0x0000000081d00000, 0x0000000081e00000|  0%| F|  |TAMS 0x0000000081d00000, 0x0000000081d00000| Untracked 
|   4|0x0000000081e00000, 0x0000000081e00000, 0x0000000081f00000|  0%| F|  |TAMS 0x0000000081e00000, 0x0000000081e00000| Untracked 
|   5|0x0000000081f00000, 0x0000000081f00000, 0x0000000082000000|  0%| F|  |TAMS 0x0000000081f00000, 0x0000000081f00000| Untracked 
|   6|0x0000000082000000, 0x0000000082000000, 0x0000000082100000|  0%| F|  |TAMS 0x0000000082000000, 0x0000000082000000| Untracked 
|   7|0x0000000082100000, 0x0000000082100000, 0x0000000082200000|  0%| F|  |TAMS 0x0000000082100000, 0x0000000082100000| Untracked 
|   8|0x0000000082200000, 0x0000000082200000, 0x0000000082300000|  0%| F|  |TAMS 0x0000000082200000, 0x0000000082200000| Untracked 
|   9|0x0000000082300000, 0x0000000082300000, 0x0000000082400000|  0%| F|  |TAMS 0x0000000082300000, 0x0000000082300000| Untracked 
|  10|0x0000000082400000, 0x0000000082400000, 0x0000000082500000|  0%| F|  |TAMS 0x0000000082400000, 0x0000000082400000| Untracked 
|  11|0x0000000082500000, 0x0000000082500000, 0x0000000082600000|  0%| F|  |TAMS 0x0000000082500000, 0x0000000082500000| Untracked 
|  12|0x0000000082600000, 0x0000000082600000, 0x0000000082700000|  0%| F|  |TAMS 0x0000000082600000, 0x0000000082600000| Untracked 
|  13|0x0000000082700000, 0x0000000082700000, 0x0000000082800000|  0%| F|  |TAMS 0x0000000082700000, 0x0000000082700000| Untracked 
|  14|0x0000000082800000, 0x0000000082800000, 0x0000000082900000|  0%| F|  |TAMS 0x0000000082800000, 0x0000000082800000| Untracked 
|  15|0x0000000082900000, 0x0000000082900000, 0x0000000082a00000|  0%| F|  |TAMS 0x0000000082900000, 0x0000000082900000| Untracked 
|  16|0x0000000082a00000, 0x0000000082a00000, 0x0000000082b00000|  0%| F|  |TAMS 0x0000000082a00000, 0x0000000082a00000| Untracked 
|  17|0x0000000082b00000, 0x0000000082b00000, 0x0000000082c00000|  0%| F|  |TAMS 0x0000000082b00000, 0x0000000082b00000| Untracked 
|  18|0x0000000082c00000, 0x0000000082c00000, 0x0000000082d00000|  0%| F|  |TAMS 0x0000000082c00000, 0x0000000082c00000| Untracked 
|  19|0x0000000082d00000, 0x0000000082d00000, 0x0000000082e00000|  0%| F|  |TAMS 0x0000000082d00000, 0x0000000082d00000| Untracked 
|  20|0x0000000082e00000, 0x0000000082e00000, 0x0000000082f00000|  0%| F|  |TAMS 0x0000000082e00000, 0x0000000082e00000| Untracked 
|  21|0x0000000082f00000, 0x0000000082f00000, 0x0000000083000000|  0%| F|  |TAMS 0x0000000082f00000, 0x0000000082f00000| Untracked 
|  22|0x0000000083000000, 0x0000000083000000, 0x0000000083100000|  0%| F|  |TAMS 0x0000000083000000, 0x0000000083000000| Untracked 
|  23|0x0000000083100000, 0x0000000083100000, 0x0000000083200000|  0%| F|  |TAMS 0x0000000083100000, 0x0000000083100000| Untracked 
|  24|0x0000000083200000, 0x0000000083200000, 0x0000000083300000|  0%| F|  |TAMS 0x0000000083200000, 0x0000000083200000| Untracked 
|  25|0x0000000083300000, 0x0000000083300000, 0x0000000083400000|  0%| F|  |TAMS 0x0000000083300000, 0x0000000083300000| Untracked 
|  26|0x0000000083400000, 0x0000000083400000, 0x0000000083500000|  0%| F|  |TAMS 0x0000000083400000, 0x0000000083400000| Untracked 
|  27|0x0000000083500000, 0x0000000083500000, 0x0000000083600000|  0%| F|  |TAMS 0x0000000083500000, 0x0000000083500000| Untracked 
|  28|0x0000000083600000, 0x0000000083600000, 0x0000000083700000|  0%| F|  |TAMS 0x0000000083600000, 0x0000000083600000| Untracked 
|  29|0x0000000083700000, 0x0000000083700000, 0x0000000083800000|  0%| F|  |TAMS 0x0000000083700000, 0x0000000083700000| Untracked 
|  30|0x0000000083800000, 0x0000000083800000, 0x0000000083900000|  0%| F|  |TAMS 0x0000000083800000, 0x0000000083800000| Untracked 
|  31|0x0000000083900000, 0x0000000083900000, 0x0000000083a00000|  0%| F|  |TAMS 0x0000000083900000, 0x0000000083900000| Untracked 
|  32|0x0000000083a00000, 0x0000000083a00000, 0x0000000083b00000|  0%| F|  |TAMS 0x0000000083a00000, 0x0000000083a00000| Untracked 
|  33|0x0000000083b00000, 0x0000000083b00000, 0x0000000083c00000|  0%| F|  |TAMS 0x0000000083b00000, 0x0000000083b00000| Untracked 
|  34|0x0000000083c00000, 0x0000000083c00000, 0x0000000083d00000|  0%| F|  |TAMS 0x0000000083c00000, 0x0000000083c00000| Untracked 
|  35|0x0000000083d00000, 0x0000000083d00000, 0x0000000083e00000|  0%| F|  |TAMS 0x0000000083d00000, 0x0000000083d00000| Untracked 
|  36|0x0000000083e00000, 0x0000000083e00000, 0x0000000083f00000|  0%| F|  |TAMS 0x0000000083e00000, 0x0000000083e00000| Untracked 
|  37|0x0000000083f00000, 0x0000000083f00000, 0x0000000084000000|  0%| F|  |TAMS 0x0000000083f00000, 0x0000000083f00000| Untracked 
|  38|0x0000000084000000, 0x0000000084000000, 0x0000000084100000|  0%| F|  |TAMS 0x0000000084000000, 0x0000000084000000| Untracked 
|  39|0x0000000084100000, 0x0000000084100000, 0x0000000084200000|  0%| F|  |TAMS 0x0000000084100000, 0x0000000084100000| Untracked 
|  40|0x0000000084200000, 0x0000000084200000, 0x0000000084300000|  0%| F|  |TAMS 0x0000000084200000, 0x0000000084200000| Untracked 
|  41|0x0000000084300000, 0x0000000084300000, 0x0000000084400000|  0%| F|  |TAMS 0x0000000084300000, 0x0000000084300000| Untracked 
|  42|0x0000000084400000, 0x0000000084400000, 0x0000000084500000|  0%| F|  |TAMS 0x0000000084400000, 0x0000000084400000| Untracked 
|  43|0x0000000084500000, 0x0000000084500000, 0x0000000084600000|  0%| F|  |TAMS 0x0000000084500000, 0x0000000084500000| Untracked 
|  44|0x0000000084600000, 0x0000000084600000, 0x0000000084700000|  0%| F|  |TAMS 0x0000000084600000, 0x0000000084600000| Untracked 
|  45|0x0000000084700000, 0x0000000084700000, 0x0000000084800000|  0%| F|  |TAMS 0x0000000084700000, 0x0000000084700000| Untracked 
|  46|0x0000000084800000, 0x0000000084800000, 0x0000000084900000|  0%| F|  |TAMS 0x0000000084800000, 0x0000000084800000| Untracked 
|  47|0x0000000084900000, 0x0000000084900000, 0x0000000084a00000|  0%| F|  |TAMS 0x0000000084900000, 0x0000000084900000| Untracked 
|  48|0x0000000084a00000, 0x0000000084a00000, 0x0000000084b00000|  0%| F|  |TAMS 0x0000000084a00000, 0x0000000084a00000| Untracked 
|  49|0x0000000084b00000, 0x0000000084b00000, 0x0000000084c00000|  0%| F|  |TAMS 0x0000000084b00000, 0x0000000084b00000| Untracked 
|  50|0x0000000084c00000, 0x0000000084c00000, 0x0000000084d00000|  0%| F|  |TAMS 0x0000000084c00000, 0x0000000084c00000| Untracked 
|  51|0x0000000084d00000, 0x0000000084d00000, 0x0000000084e00000|  0%| F|  |TAMS 0x0000000084d00000, 0x0000000084d00000| Untracked 
|  52|0x0000000084e00000, 0x0000000084e00000, 0x0000000084f00000|  0%| F|  |TAMS 0x0000000084e00000, 0x0000000084e00000| Untracked 
|  53|0x0000000084f00000, 0x0000000084f00000, 0x0000000085000000|  0%| F|  |TAMS 0x0000000084f00000, 0x0000000084f00000| Untracked 
|  54|0x0000000085000000, 0x0000000085000000, 0x0000000085100000|  0%| F|  |TAMS 0x0000000085000000, 0x0000000085000000| Untracked 
|  55|0x0000000085100000, 0x0000000085100000, 0x0000000085200000|  0%| F|  |TAMS 0x0000000085100000, 0x0000000085100000| Untracked 
|  56|0x0000000085200000, 0x0000000085200000, 0x0000000085300000|  0%| F|  |TAMS 0x0000000085200000, 0x0000000085200000| Untracked 
|  57|0x0000000085300000, 0x0000000085300000, 0x0000000085400000|  0%| F|  |TAMS 0x0000000085300000, 0x0000000085300000| Untracked 
|  58|0x0000000085400000, 0x0000000085400000, 0x0000000085500000|  0%| F|  |TAMS 0x0000000085400000, 0x0000000085400000| Untracked 
|  59|0x0000000085500000, 0x0000000085500000, 0x0000000085600000|  0%| F|  |TAMS 0x0000000085500000, 0x0000000085500000| Untracked 
|  60|0x0000000085600000, 0x0000000085600000, 0x0000000085700000|  0%| F|  |TAMS 0x0000000085600000, 0x0000000085600000| Untracked 
|  61|0x0000000085700000, 0x0000000085700000, 0x0000000085800000|  0%| F|  |TAMS 0x0000000085700000, 0x0000000085700000| Untracked 
|  62|0x0000000085800000, 0x0000000085800000, 0x0000000085900000|  0%| F|  |TAMS 0x0000000085800000, 0x0000000085800000| Untracked 
|  63|0x0000000085900000, 0x0000000085900000, 0x0000000085a00000|  0%| F|  |TAMS 0x0000000085900000, 0x0000000085900000| Untracked 
|  64|0x0000000085a00000, 0x0000000085a00000, 0x0000000085b00000|  0%| F|  |TAMS 0x0000000085a00000, 0x0000000085a00000| Untracked 
|  65|0x0000000085b00000, 0x0000000085b00000, 0x0000000085c00000|  0%| F|  |TAMS 0x0000000085b00000, 0x0000000085b00000| Untracked 
|  66|0x0000000085c00000, 0x0000000085c00000, 0x0000000085d00000|  0%| F|  |TAMS 0x0000000085c00000, 0x0000000085c00000| Untracked 
|  67|0x0000000085d00000, 0x0000000085d00000, 0x0000000085e00000|  0%| F|  |TAMS 0x0000000085d00000, 0x0000000085d00000| Untracked 
|  68|0x0000000085e00000, 0x0000000085e00000, 0x0000000085f00000|  0%| F|  |TAMS 0x0000000085e00000, 0x0000000085e00000| Untracked 
|  69|0x0000000085f00000, 0x0000000085f00000, 0x0000000086000000|  0%| F|  |TAMS 0x0000000085f00000, 0x0000000085f00000| Untracked 
|  70|0x0000000086000000, 0x0000000086000000, 0x0000000086100000|  0%| F|  |TAMS 0x0000000086000000, 0x0000000086000000| Untracked 
|  71|0x0000000086100000, 0x0000000086100000, 0x0000000086200000|  0%| F|  |TAMS 0x0000000086100000, 0x0000000086100000| Untracked 
|  72|0x0000000086200000, 0x0000000086200000, 0x0000000086300000|  0%| F|  |TAMS 0x0000000086200000, 0x0000000086200000| Untracked 
|  73|0x0000000086300000, 0x0000000086300000, 0x0000000086400000|  0%| F|  |TAMS 0x0000000086300000, 0x0000000086300000| Untracked 
|  74|0x0000000086400000, 0x0000000086400000, 0x0000000086500000|  0%| F|  |TAMS 0x0000000086400000, 0x0000000086400000| Untracked 
|  75|0x0000000086500000, 0x0000000086500000, 0x0000000086600000|  0%| F|  |TAMS 0x0000000086500000, 0x0000000086500000| Untracked 
|  76|0x0000000086600000, 0x0000000086600000, 0x0000000086700000|  0%| F|  |TAMS 0x0000000086600000, 0x0000000086600000| Untracked 
|  77|0x0000000086700000, 0x0000000086700000, 0x0000000086800000|  0%| F|  |TAMS 0x0000000086700000, 0x0000000086700000| Untracked 
|  78|0x0000000086800000, 0x0000000086800000, 0x0000000086900000|  0%| F|  |TAMS 0x0000000086800000, 0x0000000086800000| Untracked 
|  79|0x0000000086900000, 0x0000000086900000, 0x0000000086a00000|  0%| F|  |TAMS 0x0000000086900000, 0x0000000086900000| Untracked 
|  80|0x0000000086a00000, 0x0000000086a00000, 0x0000000086b00000|  0%| F|  |TAMS 0x0000000086a00000, 0x0000000086a00000| Untracked 
|  81|0x0000000086b00000, 0x0000000086b00000, 0x0000000086c00000|  0%| F|  |TAMS 0x0000000086b00000, 0x0000000086b00000| Untracked 
|  82|0x0000000086c00000, 0x0000000086c00000, 0x0000000086d00000|  0%| F|  |TAMS 0x0000000086c00000, 0x0000000086c00000| Untracked 
|  83|0x0000000086d00000, 0x0000000086d00000, 0x0000000086e00000|  0%| F|  |TAMS 0x0000000086d00000, 0x0000000086d00000| Untracked 
|  84|0x0000000086e00000, 0x0000000086e00000, 0x0000000086f00000|  0%| F|  |TAMS 0x0000000086e00000, 0x0000000086e00000| Untracked 
|  85|0x0000000086f00000, 0x0000000086f00000, 0x0000000087000000|  0%| F|  |TAMS 0x0000000086f00000, 0x0000000086f00000| Untracked 
|  86|0x0000000087000000, 0x0000000087000000, 0x0000000087100000|  0%| F|  |TAMS 0x0000000087000000, 0x0000000087000000| Untracked 
|  87|0x0000000087100000, 0x0000000087100000, 0x0000000087200000|  0%| F|  |TAMS 0x0000000087100000, 0x0000000087100000| Untracked 
|  88|0x0000000087200000, 0x0000000087200000, 0x0000000087300000|  0%| F|  |TAMS 0x0000000087200000, 0x0000000087200000| Untracked 
|  89|0x0000000087300000, 0x0000000087300000, 0x0000000087400000|  0%| F|  |TAMS 0x0000000087300000, 0x0000000087300000| Untracked 
|  90|0x0000000087400000, 0x0000000087400000, 0x0000000087500000|  0%| F|  |TAMS 0x0000000087400000, 0x0000000087400000| Untracked 
|  91|0x0000000087500000, 0x0000000087500000, 0x0000000087600000|  0%| F|  |TAMS 0x0000000087500000, 0x0000000087500000| Untracked 
|  92|0x0000000087600000, 0x0000000087600000, 0x0000000087700000|  0%| F|  |TAMS 0x0000000087600000, 0x0000000087600000| Untracked 
|  93|0x0000000087700000, 0x0000000087700000, 0x0000000087800000|  0%| F|  |TAMS 0x0000000087700000, 0x0000000087700000| Untracked 
|  94|0x0000000087800000, 0x0000000087800000, 0x0000000087900000|  0%| F|  |TAMS 0x0000000087800000, 0x0000000087800000| Untracked 
|  95|0x0000000087900000, 0x0000000087900000, 0x0000000087a00000|  0%| F|  |TAMS 0x0000000087900000, 0x0000000087900000| Untracked 
|  96|0x0000000087a00000, 0x0000000087a00000, 0x0000000087b00000|  0%| F|  |TAMS 0x0000000087a00000, 0x0000000087a00000| Untracked 
|  97|0x0000000087b00000, 0x0000000087b00000, 0x0000000087c00000|  0%| F|  |TAMS 0x0000000087b00000, 0x0000000087b00000| Untracked 
|  98|0x0000000087c00000, 0x0000000087c00000, 0x0000000087d00000|  0%| F|  |TAMS 0x0000000087c00000, 0x0000000087c00000| Untracked 
|  99|0x0000000087d00000, 0x0000000087d00000, 0x0000000087e00000|  0%| F|  |TAMS 0x0000000087d00000, 0x0000000087d00000| Untracked 
| 100|0x0000000087e00000, 0x0000000087e00000, 0x0000000087f00000|  0%| F|  |TAMS 0x0000000087e00000, 0x0000000087e00000| Untracked 
| 101|0x0000000087f00000, 0x0000000087f00000, 0x0000000088000000|  0%| F|  |TAMS 0x0000000087f00000, 0x0000000087f00000| Untracked 
| 102|0x0000000088000000, 0x0000000088000000, 0x0000000088100000|  0%| F|  |TAMS 0x0000000088000000, 0x0000000088000000| Untracked 
| 103|0x0000000088100000, 0x0000000088100000, 0x0000000088200000|  0%| F|  |TAMS 0x0000000088100000, 0x0000000088100000| Untracked 
| 104|0x0000000088200000, 0x0000000088200000, 0x0000000088300000|  0%| F|  |TAMS 0x0000000088200000, 0x0000000088200000| Untracked 
| 105|0x0000000088300000, 0x0000000088300000, 0x0000000088400000|  0%| F|  |TAMS 0x0000000088300000, 0x0000000088300000| Untracked 
| 106|0x0000000088400000, 0x0000000088400000, 0x0000000088500000|  0%| F|  |TAMS 0x0000000088400000, 0x0000000088400000| Untracked 
| 107|0x0000000088500000, 0x0000000088500000, 0x0000000088600000|  0%| F|  |TAMS 0x0000000088500000, 0x0000000088500000| Untracked 
| 108|0x0000000088600000, 0x0000000088600000, 0x0000000088700000|  0%| F|  |TAMS 0x0000000088600000, 0x0000000088600000| Untracked 
| 109|0x0000000088700000, 0x0000000088700000, 0x0000000088800000|  0%| F|  |TAMS 0x0000000088700000, 0x0000000088700000| Untracked 
| 110|0x0000000088800000, 0x0000000088800000, 0x0000000088900000|  0%| F|  |TAMS 0x0000000088800000, 0x0000000088800000| Untracked 
| 111|0x0000000088900000, 0x0000000088900000, 0x0000000088a00000|  0%| F|  |TAMS 0x0000000088900000, 0x0000000088900000| Untracked 
| 112|0x0000000088a00000, 0x0000000088a00000, 0x0000000088b00000|  0%| F|  |TAMS 0x0000000088a00000, 0x0000000088a00000| Untracked 
| 113|0x0000000088b00000, 0x0000000088b00000, 0x0000000088c00000|  0%| F|  |TAMS 0x0000000088b00000, 0x0000000088b00000| Untracked 
| 114|0x0000000088c00000, 0x0000000088c00000, 0x0000000088d00000|  0%| F|  |TAMS 0x0000000088c00000, 0x0000000088c00000| Untracked 
| 115|0x0000000088d00000, 0x0000000088d00000, 0x0000000088e00000|  0%| F|  |TAMS 0x0000000088d00000, 0x0000000088d00000| Untracked 
| 116|0x0000000088e00000, 0x0000000088e00000, 0x0000000088f00000|  0%| F|  |TAMS 0x0000000088e00000, 0x0000000088e00000| Untracked 
| 117|0x0000000088f00000, 0x0000000088f00000, 0x0000000089000000|  0%| F|  |TAMS 0x0000000088f00000, 0x0000000088f00000| Untracked 
| 118|0x0000000089000000, 0x0000000089000000, 0x0000000089100000|  0%| F|  |TAMS 0x0000000089000000, 0x0000000089000000| Untracked 
| 119|0x0000000089100000, 0x0000000089100000, 0x0000000089200000|  0%| F|  |TAMS 0x0000000089100000, 0x0000000089100000| Untracked 
| 120|0x0000000089200000, 0x0000000089200000, 0x0000000089300000|  0%| F|  |TAMS 0x0000000089200000, 0x0000000089200000| Untracked 
| 121|0x0000000089300000, 0x0000000089300000, 0x0000000089400000|  0%| F|  |TAMS 0x0000000089300000, 0x0000000089300000| Untracked 
| 122|0x0000000089400000, 0x0000000089400000, 0x0000000089500000|  0%| F|  |TAMS 0x0000000089400000, 0x0000000089400000| Untracked 
| 123|0x0000000089500000, 0x00000000895f40f8, 0x0000000089600000| 95%| E|  |TAMS 0x0000000089500000, 0x0000000089500000| Complete 
| 124|0x0000000089600000, 0x0000000089700000, 0x0000000089700000|100%| E|CS|TAMS 0x0000000089600000, 0x0000000089600000| Complete 
| 125|0x0000000089700000, 0x0000000089800000, 0x0000000089800000|100%| E|CS|TAMS 0x0000000089700000, 0x0000000089700000| Complete 
| 126|0x0000000089800000, 0x0000000089900000, 0x0000000089900000|100%| E|CS|TAMS 0x0000000089800000, 0x0000000089800000| Complete 
| 127|0x0000000089900000, 0x0000000089a00000, 0x0000000089a00000|100%| E|CS|TAMS 0x0000000089900000, 0x0000000089900000| Complete 

Card table byte_map: [0x00000211fc120000,0x00000211fc520000] _byte_map_base: 0x00000211fbd13000

Marking Bits (Prev, Next): (CMBitMap*) 0x00000211f47291d8, (CMBitMap*) 0x00000211f4729210
 Prev Bits: [0x00000211fc920000, 0x00000211fe8b8000)
 Next Bits: [0x000002118f000000, 0x0000021190f98000)

Polling page: 0x00000211f3ed0000

Metaspace:

Usage:
  Non-class:      7.87 MB capacity,     7.78 MB ( 99%) used,    87.66 KB (  1%) free+waste,     6.19 KB ( <1%) overhead. 
      Class:    803.00 KB capacity,   768.04 KB ( 96%) used,    32.46 KB (  4%) free+waste,     2.50 KB ( <1%) overhead. 
       Both:      8.65 MB capacity,     8.53 MB ( 99%) used,   120.13 KB (  1%) free+waste,     8.69 KB ( <1%) overhead. 

Virtual space:
  Non-class space:        8.00 MB reserved,       8.00 MB (100%) committed 
      Class space:        1.00 GB reserved,     896.00 KB ( <1%) committed 
             Both:        1.01 GB reserved,       8.88 MB ( <1%) committed 

Chunk freelists:
   Non-Class:  768 bytes
       Class:  3.63 KB
        Both:  4.38 KB

CodeHeap 'non-profiled nmethods': size=120064Kb used=123Kb max_used=123Kb free=119940Kb
 bounds [0x0000021187ac0000, 0x0000021187d30000, 0x000002118f000000]
CodeHeap 'profiled nmethods': size=120000Kb used=585Kb max_used=585Kb free=119414Kb
 bounds [0x0000021180590000, 0x0000021180800000, 0x0000021187ac0000]
CodeHeap 'non-nmethods': size=5696Kb used=1147Kb max_used=1162Kb free=4548Kb
 bounds [0x0000021180000000, 0x0000021180270000, 0x0000021180590000]
 total_blobs=781 nmethods=422 adapters=279
 compilation: enabled
              stopped_count=0, restarted_count=0
 full_count=0

Compilation events (10 events):
Event: 144.565 Thread 0x00000211ff791800  418       3       org.eclipse.jdt.launching.internal.org.objectweb.asm.ClassReader::readUTF8 (23 bytes)
Event: 144.565 Thread 0x00000211ff791800 nmethod 418 0x0000021180620490 code [0x0000021180620640, 0x00000211806208e8]
Event: 144.565 Thread 0x00000211ff791800  419       3       org.eclipse.jdt.launching.internal.org.objectweb.asm.ClassReader::readUtf (161 bytes)
Event: 144.568 Thread 0x00000211ff791800 nmethod 419 0x0000021180620a90 code [0x0000021180620c80, 0x0000021180621258]
Event: 144.568 Thread 0x00000211ff791800  420       3       org.eclipse.jdt.launching.internal.org.objectweb.asm.SymbolTable$Entry::<init> (17 bytes)
Event: 144.568 Thread 0x00000211ff791800 nmethod 420 0x0000021180621610 code [0x00000211806217c0, 0x0000021180621948]
Event: 173.968 Thread 0x00000211ff791800  421       3       org.eclipse.jdt.launching.internal.org.objectweb.asm.SymbolTable::hash (10 bytes)
Event: 173.968 Thread 0x00000211ff791800 nmethod 421 0x0000021180621a10 code [0x0000021180621bc0, 0x0000021180621ce8]
Event: 173.968 Thread 0x00000211ff791800  422       3       org.eclipse.jdt.launching.internal.org.objectweb.asm.SymbolTable::addConstantUtf8 (20 bytes)
Event: 173.968 Thread 0x00000211ff791800 nmethod 422 0x0000021180621e10 code [0x0000021180621fe0, 0x0000021180622348]

GC Heap History (0 events):
No events

Deoptimization events (2 events):
Event: 0.439 Thread 0x00000211f46ec800 Uncommon trap: reason=unstable_if action=reinterpret pc=0x0000021187acc040 method=java.util.HashMap.putVal(ILjava/lang/Object;Ljava/lang/Object;ZZ)Ljava/lang/Object; @ 69 c2
Event: 0.818 Thread 0x00000211f46ec800 Uncommon trap: reason=unstable_if action=reinterpret pc=0x0000021187ac5370 method=java.lang.String.isLatin1()Z @ 10 c2

Classes redefined (10 events):
Event: 101.572 Thread 0x00000211fed82000 redefined class name=actividad22.actividad22, count=3
Event: 133.941 Thread 0x00000211fed82000 redefined class name=actividad22.actividad22, count=4
Event: 144.567 Thread 0x00000211fed82000 redefined class name=actividad22.actividad22, count=5
Event: 173.969 Thread 0x00000211fed82000 redefined class name=actividad22.actividad22, count=6
Event: 212.760 Thread 0x00000211fed82000 redefined class name=actividad22.actividad22, count=7
Event: 229.924 Thread 0x00000211fed82000 redefined class name=actividad22.actividad22, count=8
Event: 274.171 Thread 0x00000211fed82000 redefined class name=actividad22.actividad22, count=9
Event: 290.894 Thread 0x00000211fed82000 redefined class name=actividad22.actividad22, count=10
Event: 308.801 Thread 0x00000211fed82000 redefined class name=actividad22.actividad22, count=11
Event: 402.314 Thread 0x00000211fed82000 redefined class name=actividad22.actividad22, count=12

Internal exceptions (0 events):
No events

Events (10 events):
Event: 415.215 Executing VM operation: ChangeBreakpoints done
Event: 417.204 Executing VM operation: ChangeBreakpoints
Event: 417.204 Executing VM operation: ChangeBreakpoints done
Event: 417.204 Executing VM operation: ChangeBreakpoints
Event: 417.204 Executing VM operation: ChangeBreakpoints done
Event: 417.944 Executing VM operation: ChangeBreakpoints
Event: 417.944 Executing VM operation: ChangeBreakpoints done
Event: 417.945 Executing VM operation: ChangeBreakpoints
Event: 417.945 Executing VM operation: ChangeBreakpoints done
Event: 429.320 Executing VM operation: RedefineClasses


Dynamic libraries:
0x00007ff716430000 - 0x00007ff71643f000 	C:\Program Files\Java\jdk-11.0.13\bin\javaw.exe
0x00007ff8a2150000 - 0x00007ff8a2348000 	C:\WINDOWS\SYSTEM32\ntdll.dll
0x00007ff8a0180000 - 0x00007ff8a023d000 	C:\WINDOWS\System32\KERNEL32.DLL
0x00007ff89f870000 - 0x00007ff89fb66000 	C:\WINDOWS\System32\KERNELBASE.dll
0x00007ff8a0080000 - 0x00007ff8a0180000 	C:\WINDOWS\System32\ucrtbase.dll
0x00007ff85b740000 - 0x00007ff85b755000 	C:\Program Files\Java\jdk-11.0.13\bin\VCRUNTIME140.dll
0x00007ff85b760000 - 0x00007ff85b778000 	C:\Program Files\Java\jdk-11.0.13\bin\jli.dll
0x00007ff8a04d0000 - 0x00007ff8a0580000 	C:\WINDOWS\System32\ADVAPI32.dll
0x00007ff8a0f00000 - 0x00007ff8a0f9e000 	C:\WINDOWS\System32\msvcrt.dll
0x00007ff8a0e60000 - 0x00007ff8a0f00000 	C:\WINDOWS\System32\sechost.dll
0x00007ff8a0cc0000 - 0x00007ff8a0de3000 	C:\WINDOWS\System32\RPCRT4.dll
0x00007ff8a0050000 - 0x00007ff8a0077000 	C:\WINDOWS\System32\bcrypt.dll
0x00007ff8a1f40000 - 0x00007ff8a20df000 	C:\WINDOWS\System32\USER32.dll
0x00007ff89fc10000 - 0x00007ff89fc32000 	C:\WINDOWS\System32\win32u.dll
0x00007ff8903c0000 - 0x00007ff89065a000 	C:\WINDOWS\WinSxS\amd64_microsoft.windows.common-controls_6595b64144ccf1df_6.0.19041.3636_none_60b6a03d71f818d5\COMCTL32.dll
0x00007ff8a20e0000 - 0x00007ff8a210b000 	C:\WINDOWS\System32\GDI32.dll
0x00007ff89fc90000 - 0x00007ff89fda7000 	C:\WINDOWS\System32\gdi32full.dll
0x00007ff89fb70000 - 0x00007ff89fc0d000 	C:\WINDOWS\System32\msvcp_win.dll
0x00007ff89b240000 - 0x00007ff89b24a000 	C:\WINDOWS\SYSTEM32\VERSION.dll
0x00007ff8a10e0000 - 0x00007ff8a1112000 	C:\WINDOWS\System32\IMM32.DLL
0x00007ff85b6a0000 - 0x00007ff85b73b000 	C:\Program Files\Java\jdk-11.0.13\bin\msvcp140.dll
0x00007ff858cb0000 - 0x00007ff8597c3000 	C:\Program Files\Java\jdk-11.0.13\bin\server\jvm.dll
0x00007ff8a1e80000 - 0x00007ff8a1e88000 	C:\WINDOWS\System32\PSAPI.DLL
0x00007ff88f4d0000 - 0x00007ff88f4d9000 	C:\WINDOWS\SYSTEM32\WSOCK32.dll
0x00007ff8a0aa0000 - 0x00007ff8a0b0b000 	C:\WINDOWS\System32\WS2_32.dll
0x00007ff88b3b0000 - 0x00007ff88b3d7000 	C:\WINDOWS\SYSTEM32\WINMM.dll
0x00007ff89d6b0000 - 0x00007ff89d6c2000 	C:\WINDOWS\SYSTEM32\kernel.appcore.dll
0x00007ff891c20000 - 0x00007ff891c30000 	C:\Program Files\Java\jdk-11.0.13\bin\verify.dll
0x00007ff8994b0000 - 0x00007ff899694000 	C:\WINDOWS\SYSTEM32\DBGHELP.DLL
0x00007ff899400000 - 0x00007ff899434000 	C:\WINDOWS\SYSTEM32\dbgcore.DLL
0x00007ff89ff10000 - 0x00007ff89ff92000 	C:\WINDOWS\System32\bcryptPrimitives.dll
0x00007ff85b670000 - 0x00007ff85b698000 	C:\Program Files\Java\jdk-11.0.13\bin\java.dll
0x00007ff88bea0000 - 0x00007ff88beaa000 	C:\Program Files\Java\jdk-11.0.13\bin\jimage.dll
0x00007ff891bc0000 - 0x00007ff891bf8000 	C:\Program Files\Java\jdk-11.0.13\bin\jdwp.dll
0x00007ff89cae0000 - 0x00007ff89caee000 	C:\Program Files\Java\jdk-11.0.13\bin\instrument.dll
0x00007ff85b650000 - 0x00007ff85b666000 	C:\Program Files\Java\jdk-11.0.13\bin\zip.dll
0x00007ff8a1120000 - 0x00007ff8a188b000 	C:\WINDOWS\System32\SHELL32.dll
0x00007ff89d8b0000 - 0x00007ff89e04e000 	C:\WINDOWS\SYSTEM32\windows.storage.dll
0x00007ff8a0740000 - 0x00007ff8a0a93000 	C:\WINDOWS\System32\combase.dll
0x00007ff89f160000 - 0x00007ff89f18e000 	C:\WINDOWS\SYSTEM32\Wldp.dll
0x00007ff8a1d00000 - 0x00007ff8a1dcd000 	C:\WINDOWS\System32\OLEAUT32.dll
0x00007ff8a1e90000 - 0x00007ff8a1f3d000 	C:\WINDOWS\System32\SHCORE.dll
0x00007ff8a1000000 - 0x00007ff8a1055000 	C:\WINDOWS\System32\shlwapi.dll
0x00007ff89f730000 - 0x00007ff89f753000 	C:\WINDOWS\SYSTEM32\profapi.dll
0x00007ff89a6b0000 - 0x00007ff89a6ba000 	C:\Program Files\Java\jdk-11.0.13\bin\dt_socket.dll
0x00007ff89eec0000 - 0x00007ff89ef2a000 	C:\WINDOWS\System32\mswsock.dll
0x00007ff89ebe0000 - 0x00007ff89ecab000 	C:\WINDOWS\SYSTEM32\DNSAPI.dll
0x00007ff89eba0000 - 0x00007ff89ebdb000 	C:\WINDOWS\SYSTEM32\IPHLPAPI.DLL
0x00007ff8a0e50000 - 0x00007ff8a0e58000 	C:\WINDOWS\System32\NSI.dll
0x00007ff892d90000 - 0x00007ff892e10000 	C:\WINDOWS\System32\fwpuclnt.dll
0x00007ff892b60000 - 0x00007ff892b6a000 	C:\Windows\System32\rasadhlp.dll
0x00007ff85b630000 - 0x00007ff85b649000 	C:\Program Files\Java\jdk-11.0.13\bin\net.dll
0x00007ff8992f0000 - 0x00007ff8993fa000 	C:\WINDOWS\SYSTEM32\WINHTTP.dll
0x00007ff85b610000 - 0x00007ff85b622000 	C:\Program Files\Java\jdk-11.0.13\bin\nio.dll

dbghelp: loaded successfully - version: 4.0.5 - missing functions: none
symbol engine: initialized successfully - sym options: 0x614 - pdb path: .;C:\Program Files\Java\jdk-11.0.13\bin;C:\WINDOWS\SYSTEM32;C:\WINDOWS\WinSxS\amd64_microsoft.windows.common-controls_6595b64144ccf1df_6.0.19041.3636_none_60b6a03d71f818d5;C:\Program Files\Java\jdk-11.0.13\bin\server

VM Arguments:
jvm_args: -agentlib:jdwp=transport=dt_socket,suspend=y,address=localhost:51179 -javaagent:C:\Users\Alumno\eclipse\java-2022-03\eclipse\configuration\org.eclipse.osgi\225\0\.cp\lib\javaagent-shaded.jar -Dfile.encoding=Cp1252 
java_command: actividad22.actividad22
java_class_path (initial): C:\Users\Alumno\Documents\eclipse-GonzalezGiovinazzo\GonzalezGiovinazzo\bin
Launcher Type: SUN_STANDARD

[Global flags]
     intx CICompilerCount                          = 3                                         {product} {ergonomic}
     uint ConcGCThreads                            = 1                                         {product} {ergonomic}
     uint G1ConcRefinementThreads                  = 4                                         {product} {ergonomic}
   size_t G1HeapRegionSize                         = 1048576                                   {product} {ergonomic}
    uintx GCDrainStackTargetSize                   = 64                                        {product} {ergonomic}
   size_t InitialHeapSize                          = 134217728                                 {product} {ergonomic}
   size_t MarkStackSize                            = 4194304                                   {product} {ergonomic}
   size_t MaxHeapSize                              = 2120220672                                {product} {ergonomic}
   size_t MaxNewSize                               = 1271922688                                {product} {ergonomic}
   size_t MinHeapDeltaBytes                        = 1048576                                   {product} {ergonomic}
    uintx NonNMethodCodeHeapSize                   = 5830732                                {pd product} {ergonomic}
    uintx NonProfiledCodeHeapSize                  = 122913754                              {pd product} {ergonomic}
    uintx ProfiledCodeHeapSize                     = 122913754                              {pd product} {ergonomic}
    uintx ReservedCodeCacheSize                    = 251658240                              {pd product} {ergonomic}
     bool SegmentedCodeCache                       = true                                      {product} {ergonomic}
     bool UseCompressedClassPointers               = true                                 {lp64_product} {ergonomic}
     bool UseCompressedOops                        = true                                 {lp64_product} {ergonomic}
     bool UseG1GC                                  = true                                      {product} {ergonomic}
     bool UseLargePagesIndividualAllocation        = false                                  {pd product} {ergonomic}

Logging:
Log output configuration:
 #0: stdout all=warning uptime,level,tags
 #1: stderr all=off uptime,level,tags

Environment Variables:
PATH=C:\Program Files\Common Files\Oracle\Java\javapath;C:\Program Files (x86)\NVIDIA Corporation\PhysX\Common;C:\WINDOWS\system32;C:\WINDOWS;C:\WINDOWS\System32\Wbem;C:\WINDOWS\System32\WindowsPowerShell\v1.0\;C:\Program Files (x86)\Windows Kits\8.1\Windows Performance Toolkit\;C:\WINDOWS\System32\OpenSSH\;%JAVA_HOME%\bin;C:\Users\Alumno\AppData\Local\Microsoft\WindowsApps;C:\Users\Alumno\AppData\Local\Programs\Microsoft VS Code\bin
USERNAME=Alumno
OS=Windows_NT
PROCESSOR_IDENTIFIER=Intel64 Family 6 Model 158 Stepping 9, GenuineIntel



---------------  S Y S T E M  ---------------

OS: Windows 10 , 64 bit Build 19041 (10.0.19041.3636)

CPU:total 4 (initial active 4) (4 cores per cpu, 1 threads per core) family 6 model 158 stepping 9 microcode 0xb4, cmov, cx8, fxsr, mmx, sse, sse2, sse3, ssse3, sse4.1, sse4.2, popcnt, avx, avx2, aes, clmul, erms, 3dnowpref, lzcnt, tsc, tscinvbit, bmi1, bmi2, adx, fma

Memory: 4k page, system-wide physical 8081M (2021M free)
TotalPageFile size 15493M (AvailPageFile size 2169M)
current process WorkingSet (physical memory assigned to process): 43M, peak: 45M
current process commit charge ("private bytes"): 202M, peak: 203M

vm_info: Java HotSpot(TM) 64-Bit Server VM (11.0.13+10-LTS-370) for windows-amd64 JRE (11.0.13+10-LTS-370), built on Sep 15 2021 22:10:36 by "mach5one" with MS VC++ 15.9 (VS2017)

END.
